0 verbose cli C:\Program Files\nodejs\node.exe C:\Program Files\nodejs\node_modules\npm\bin\npm-cli.js
1 info using npm@10.9.3
2 info using node@v22.20.0
3 silly config load:file:C:\Program Files\nodejs\node_modules\npm\npmrc
4 silly config load:file:C:\Users\hp\Documents\study\upskill\Cognizant-DN5-main\DN5-Upskilling\React\StarterApp\.npmrc
5 silly config load:file:C:\Users\hp\.npmrc
6 silly config load:file:C:\Users\hp\AppData\Roaming\npm\etc\npmrc
7 verbose title npm install
8 verbose argv "install" "--cache" ".\\.npm-cache"
9 verbose logfile logs-max:10 dir:C:\Users\hp\Documents\study\upskill\Cognizant-DN5-main\DN5-Upskilling\React\StarterApp\.npm-cache\_logs\2026-06-19T13_33_27_360Z-
10 verbose logfile C:\Users\hp\Documents\study\upskill\Cognizant-DN5-main\DN5-Upskilling\React\StarterApp\.npm-cache\_logs\2026-06-19T13_33_27_360Z-debug-0.log
11 silly logfile done cleaning log files
12 silly packumentCache heap:4345298944 maxSize:1086324736 maxEntrySize:543162368
13 silly idealTree buildDeps
14 silly fetch manifest @vitejs/plugin-react@6.0.2
15 silly packumentCache full:https://registry.npmjs.org/@vitejs%2fplugin-react cache-miss
16 http cache https://registry.npmjs.org/@vitejs%2fplugin-react 84ms (cache hit)
17 silly packumentCache full:https://registry.npmjs.org/@vitejs%2fplugin-react set size:267531 disposed:false
18 silly fetch manifest @rolldown/plugin-babel@^0.1.7 || ^0.2.0
19 silly packumentCache full:https://registry.npmjs.org/@rolldown%2fplugin-babel cache-miss
20 http fetch GET 200 https://registry.npmjs.org/@rolldown%2fplugin-babel 224ms (cache miss)
21 silly packumentCache full:https://registry.npmjs.org/@rolldown%2fplugin-babel set size:undefined disposed:false
22 silly fetch manifest @babel/core@^7.29.0 || ^8.0.0-rc.1
23 silly packumentCache full:https://registry.npmjs.org/@babel%2fcore cache-miss
24 http cache https://registry.npmjs.org/@babel%2fcore 18ms (cache hit)
25 silly packumentCache full:https://registry.npmjs.org/@babel%2fcore set size:788258 disposed:false
26 silly fetch manifest @babel/plugin-transform-runtime@^7.29.0 || ^8.0.0-rc.1
27 silly packumentCache full:https://registry.npmjs.org/@babel%2fplugin-transform-runtime cache-miss
28 http fetch GET 200 https://registry.npmjs.org/@babel%2fplugin-transform-runtime 90ms (cache miss)
29 silly packumentCache full:https://registry.npmjs.org/@babel%2fplugin-transform-runtime set size:undefined disposed:false
30 silly fetch manifest @babel/runtime@^7.27.0 || ^8.0.0-rc.1
31 silly packumentCache full:https://registry.npmjs.org/@babel%2fruntime cache-miss
32 http fetch GET 200 https://registry.npmjs.org/@babel%2fruntime 202ms (cache miss)
33 silly packumentCache full:https://registry.npmjs.org/@babel%2fruntime set size:undefined disposed:false
34 silly fetch manifest rolldown@^1.0.0-rc.5
35 silly packumentCache full:https://registry.npmjs.org/rolldown cache-miss
36 http fetch GET 200 https://registry.npmjs.org/rolldown 129ms (cache miss)
37 silly packumentCache full:https://registry.npmjs.org/rolldown set size:undefined disposed:false
38 silly fetch manifest vite@8.0.16
39 silly packumentCache full:https://registry.npmjs.org/vite cache-miss
40 http cache https://registry.npmjs.org/vite 132ms (cache hit)
41 silly packumentCache full:https://registry.npmjs.org/vite set size:38868983 disposed:false
42 silly fetch manifest @types/node@^20.19.0 || >=22.12.0
43 silly packumentCache full:https://registry.npmjs.org/@types%2fnode cache-miss
44 http cache https://registry.npmjs.org/@types%2fnode 50ms (cache hit)
45 silly packumentCache full:https://registry.npmjs.org/@types%2fnode set size:11055511 disposed:false
46 silly fetch manifest @vitejs/devtools@^0.1.18
47 silly packumentCache full:https://registry.npmjs.org/@vitejs%2fdevtools cache-miss
48 http fetch GET 200 https://registry.npmjs.org/@vitejs%2fdevtools 97ms (cache miss)
49 silly packumentCache full:https://registry.npmjs.org/@vitejs%2fdevtools set size:undefined disposed:false
50 silly fetch manifest esbuild@^0.27.0 || ^0.28.0
51 silly packumentCache full:https://registry.npmjs.org/esbuild cache-miss
52 http cache https://registry.npmjs.org/esbuild 19ms (cache hit)
53 silly packumentCache full:https://registry.npmjs.org/esbuild set size:1259608 disposed:false
54 silly fetch manifest jiti@>=1.21.0
55 silly packumentCache full:https://registry.npmjs.org/jiti cache-miss
56 http cache https://registry.npmjs.org/jiti 12ms (cache hit)
57 silly packumentCache full:https://registry.npmjs.org/jiti set size:387989 disposed:false
58 silly fetch manifest less@^4.0.0
59 silly packumentCache full:https://registry.npmjs.org/less cache-miss
60 http cache https://registry.npmjs.org/less 12ms (cache hit)
61 silly packumentCache full:https://registry.npmjs.org/less set size:471774 disposed:false
62 silly fetch manifest sass@^1.70.0
63 silly packumentCache full:https://registry.npmjs.org/sass cache-miss
64 http cache https://registry.npmjs.org/sass 12ms (cache hit)
65 silly packumentCache full:https://registry.npmjs.org/sass set size:730445 disposed:false
66 silly fetch manifest sass-embedded@^1.70.0
67 silly packumentCache full:https://registry.npmjs.org/sass-embedded cache-miss
68 http cache https://registry.npmjs.org/sass-embedded 13ms (cache hit)
69 silly packumentCache full:https://registry.npmjs.org/sass-embedded set size:419718 disposed:false
70 silly fetch manifest stylus@>=0.54.8
71 silly packumentCache full:https://registry.npmjs.org/stylus cache-miss
72 http cache https://registry.npmjs.org/stylus 12ms (cache hit)
73 silly packumentCache full:https://registry.npmjs.org/stylus set size:286766 disposed:false
74 silly fetch manifest sugarss@^5.0.0
75 silly packumentCache full:https://registry.npmjs.org/sugarss cache-miss
76 http cache https://registry.npmjs.org/sugarss 10ms (cache hit)
77 silly packumentCache full:https://registry.npmjs.org/sugarss set size:44975 disposed:false
78 silly fetch manifest postcss@^8.3.3
79 silly packumentCache full:https://registry.npmjs.org/postcss cache-miss
80 http cache https://registry.npmjs.org/postcss 11ms (cache hit)
81 silly packumentCache full:https://registry.npmjs.org/postcss set size:723316 disposed:false
82 silly fetch manifest terser@^5.16.0
83 silly packumentCache full:https://registry.npmjs.org/terser cache-miss
84 http cache https://registry.npmjs.org/terser 19ms (cache hit)
85 silly packumentCache full:https://registry.npmjs.org/terser set size:803566 disposed:false
86 silly fetch manifest tsx@^4.8.1
87 silly packumentCache full:https://registry.npmjs.org/tsx cache-miss
88 http cache https://registry.npmjs.org/tsx 11ms (cache hit)
89 silly packumentCache full:https://registry.npmjs.org/tsx set size:304668 disposed:false
90 silly fetch manifest yaml@^2.4.2
91 silly packumentCache full:https://registry.npmjs.org/yaml cache-miss
92 http cache https://registry.npmjs.org/yaml 11ms (cache hit)
93 silly packumentCache full:https://registry.npmjs.org/yaml set size:385754 disposed:false
94 silly fetch manifest babel-plugin-react-compiler@^1.0.0
95 silly packumentCache full:https://registry.npmjs.org/babel-plugin-react-compiler cache-miss
96 http fetch GET 200 https://registry.npmjs.org/babel-plugin-react-compiler 86ms (cache miss)
97 silly packumentCache full:https://registry.npmjs.org/babel-plugin-react-compiler set size:undefined disposed:false
98 silly placeDep ROOT @vitejs/plugin-react@6.0.2 REPLACE for: dn5-react-starter@1.0.0 want: 6.0.2
99 silly placeDep ROOT vite@8.0.16 OK for: @vitejs/plugin-react@6.0.2 want: ^8.0.0
100 silly fetch manifest @rolldown/pluginutils@^1.0.0
101 silly packumentCache full:https://registry.npmjs.org/@rolldown%2fpluginutils cache-miss
102 silly fetch manifest postcss@^8.5.15
103 silly packumentCache full:https://registry.npmjs.org/postcss cache-hit
104 silly fetch manifest rolldown@1.0.3
105 silly packumentCache full:https://registry.npmjs.org/rolldown cache-miss
106 silly fetch manifest picomatch@^4.0.4
107 silly packumentCache full:https://registry.npmjs.org/picomatch cache-miss
108 silly fetch manifest tinyglobby@^0.2.17
109 silly packumentCache full:https://registry.npmjs.org/tinyglobby cache-miss
110 silly fetch manifest lightningcss@^1.32.0
111 silly packumentCache full:https://registry.npmjs.org/lightningcss cache-miss
112 silly fetch manifest fsevents@~2.3.3
113 silly packumentCache full:https://registry.npmjs.org/fsevents cache-miss
114 http cache https://registry.npmjs.org/@rolldown%2fpluginutils 37ms (cache hit)
115 silly packumentCache full:https://registry.npmjs.org/@rolldown%2fpluginutils set size:300388 disposed:false
116 http cache https://registry.npmjs.org/rolldown 51ms (cache hit)
117 silly packumentCache full:https://registry.npmjs.org/rolldown set size:3737500 disposed:false
118 http cache https://registry.npmjs.org/picomatch 94ms (cache hit)
119 silly packumentCache full:https://registry.npmjs.org/picomatch set size:126376 disposed:false
120 http cache https://registry.npmjs.org/tinyglobby 96ms (cache hit)
121 silly packumentCache full:https://registry.npmjs.org/tinyglobby set size:54291 disposed:false
122 http cache https://registry.npmjs.org/lightningcss 99ms (cache hit)
123 silly packumentCache full:https://registry.npmjs.org/lightningcss set size:186753 disposed:false
124 http cache https://registry.npmjs.org/fsevents 103ms (cache hit)
125 silly packumentCache full:https://registry.npmjs.org/fsevents set size:182472 disposed:false
126 silly placeDep ROOT @rolldown/pluginutils@1.0.1 OK for: @vitejs/plugin-react@6.0.2 want: ^1.0.0
127 silly placeDep ROOT fsevents@2.3.3 OK for: vite@8.0.16 want: ~2.3.3
128 silly placeDep ROOT lightningcss@1.32.0 OK for: vite@8.0.16 want: ^1.32.0
129 silly placeDep ROOT picomatch@4.0.4 OK for: vite@8.0.16 want: ^4.0.4
130 silly placeDep ROOT postcss@8.5.15 OK for: vite@8.0.16 want: ^8.5.15
131 silly placeDep ROOT rolldown@1.0.3 OK for: vite@8.0.16 want: 1.0.3
132 silly placeDep ROOT tinyglobby@0.2.17 OK for: vite@8.0.16 want: ^0.2.17
133 silly fetch manifest detect-libc@^2.0.3
134 silly packumentCache full:https://registry.npmjs.org/detect-libc cache-miss
135 silly fetch manifest lightningcss-darwin-x64@1.32.0
136 silly packumentCache full:https://registry.npmjs.org/lightningcss-darwin-x64 cache-miss
137 silly fetch manifest lightningcss-linux-x64-gnu@1.32.0
138 silly packumentCache full:https://registry.npmjs.org/lightningcss-linux-x64-gnu cache-miss
139 silly fetch manifest lightningcss-win32-x64-msvc@1.32.0
140 silly packumentCache full:https://registry.npmjs.org/lightningcss-win32-x64-msvc cache-miss
141 silly fetch manifest lightningcss-win32-arm64-msvc@1.32.0
142 silly packumentCache full:https://registry.npmjs.org/lightningcss-win32-arm64-msvc cache-miss
143 silly fetch manifest lightningcss-darwin-arm64@1.32.0
144 silly packumentCache full:https://registry.npmjs.org/lightningcss-darwin-arm64 cache-miss
145 silly fetch manifest lightningcss-linux-arm64-gnu@1.32.0
146 silly packumentCache full:https://registry.npmjs.org/lightningcss-linux-arm64-gnu cache-miss
147 silly fetch manifest lightningcss-linux-arm-gnueabihf@1.32.0
148 silly packumentCache full:https://registry.npmjs.org/lightningcss-linux-arm-gnueabihf cache-miss
149 silly fetch manifest lightningcss-linux-arm64-musl@1.32.0
150 silly packumentCache full:https://registry.npmjs.org/lightningcss-linux-arm64-musl cache-miss
151 silly fetch manifest lightningcss-linux-x64-musl@1.32.0
152 silly packumentCache full:https://registry.npmjs.org/lightningcss-linux-x64-musl cache-miss
153 silly fetch manifest lightningcss-freebsd-x64@1.32.0
154 silly packumentCache full:https://registry.npmjs.org/lightningcss-freebsd-x64 cache-miss
155 http fetch GET 200 https://registry.npmjs.org/detect-libc 65ms (cache miss)
156 silly packumentCache full:https://registry.npmjs.org/detect-libc set size:undefined disposed:false
157 silly fetch manifest lightningcss-android-arm64@1.32.0
158 silly packumentCache full:https://registry.npmjs.org/lightningcss-android-arm64 cache-miss
159 http fetch GET 200 https://registry.npmjs.org/lightningcss-android-arm64 51ms (cache miss)
160 silly packumentCache full:https://registry.npmjs.org/lightningcss-android-arm64 set size:undefined disposed:false
161 silly fetch manifest nanoid@^3.3.12
162 silly packumentCache full:https://registry.npmjs.org/nanoid cache-miss
163 http cache https://registry.npmjs.org/nanoid 69ms (cache hit)
164 silly packumentCache full:https://registry.npmjs.org/nanoid set size:320171 disposed:false
165 silly fetch manifest source-map-js@^1.2.1
166 silly packumentCache full:https://registry.npmjs.org/source-map-js cache-miss
167 http fetch GET 200 https://registry.npmjs.org/lightningcss-darwin-arm64 203ms (cache miss)
168 silly packumentCache full:https://registry.npmjs.org/lightningcss-darwin-arm64 set size:undefined disposed:false
169 silly fetch manifest @oxc-project/types@=0.133.0
170 silly packumentCache full:https://registry.npmjs.org/@oxc-project%2ftypes cache-miss
171 http fetch GET 200 https://registry.npmjs.org/lightningcss-freebsd-x64 208ms (cache miss)
172 silly packumentCache full:https://registry.npmjs.org/lightningcss-freebsd-x64 set size:undefined disposed:false
173 silly fetch manifest @rolldown/binding-darwin-x64@1.0.3
174 silly packumentCache full:https://registry.npmjs.org/@rolldown%2fbinding-darwin-x64 cache-miss
175 http cache https://registry.npmjs.org/source-map-js 28ms (cache hit)
176 silly packumentCache full:https://registry.npmjs.org/source-map-js set size:62640 disposed:false
177 silly fetch manifest @rolldown/binding-freebsd-x64@1.0.3
178 silly packumentCache full:https://registry.npmjs.org/@rolldown%2fbinding-freebsd-x64 cache-miss
179 http fetch GET 200 https://registry.npmjs.org/lightningcss-win32-arm64-msvc 263ms (cache miss)
180 silly packumentCache full:https://registry.npmjs.org/lightningcss-win32-arm64-msvc set size:undefined disposed:false
181 silly fetch manifest @rolldown/binding-wasm32-wasi@1.0.3
182 silly packumentCache full:https://registry.npmjs.org/@rolldown%2fbinding-wasm32-wasi cache-miss
183 http fetch GET 200 https://registry.npmjs.org/lightningcss-linux-x64-gnu 270ms (cache miss)
184 silly packumentCache full:https://registry.npmjs.org/lightningcss-linux-x64-gnu set size:undefined disposed:false
185 silly fetch manifest @rolldown/binding-darwin-arm64@1.0.3
186 silly packumentCache full:https://registry.npmjs.org/@rolldown%2fbinding-darwin-arm64 cache-miss
187 http fetch GET 200 https://registry.npmjs.org/lightningcss-win32-x64-msvc 289ms (cache miss)
188 silly packumentCache full:https://registry.npmjs.org/lightningcss-win32-x64-msvc set size:undefined disposed:false
189 silly fetch manifest @rolldown/binding-android-arm64@1.0.3
190 silly packumentCache full:https://registry.npmjs.org/@rolldown%2fbinding-android-arm64 cache-miss
191 http fetch GET 200 https://registry.npmjs.org/lightningcss-linux-arm64-gnu 313ms (cache miss)
192 silly packumentCache full:https://registry.npmjs.org/lightningcss-linux-arm64-gnu set size:undefined disposed:false
193 silly fetch manifest @rolldown/binding-linux-x64-gnu@1.0.3
194 silly packumentCache full:https://registry.npmjs.org/@rolldown%2fbinding-linux-x64-gnu cache-miss
195 http fetch GET 200 https://registry.npmjs.org/@oxc-project%2ftypes 158ms (cache miss)
196 silly packumentCache full:https://registry.npmjs.org/@oxc-project%2ftypes set size:undefined disposed:false
197 silly fetch manifest @rolldown/binding-linux-x64-musl@1.0.3
198 silly packumentCache full:https://registry.npmjs.org/@rolldown%2fbinding-linux-x64-musl cache-miss
199 http fetch GET 200 https://registry.npmjs.org/lightningcss-linux-arm-gnueabihf 378ms (cache miss)
200 silly packumentCache full:https://registry.npmjs.org/lightningcss-linux-arm-gnueabihf set size:undefined disposed:false
201 silly fetch manifest @rolldown/binding-win32-x64-msvc@1.0.3
202 silly packumentCache full:https://registry.npmjs.org/@rolldown%2fbinding-win32-x64-msvc cache-miss
203 http fetch GET 200 https://registry.npmjs.org/lightningcss-linux-arm64-musl 381ms (cache miss)
204 silly packumentCache full:https://registry.npmjs.org/lightningcss-linux-arm64-musl set size:undefined disposed:false
205 silly fetch manifest @rolldown/binding-linux-arm64-gnu@1.0.3
206 silly packumentCache full:https://registry.npmjs.org/@rolldown%2fbinding-linux-arm64-gnu cache-miss
207 http fetch GET 200 https://registry.npmjs.org/lightningcss-linux-x64-musl 393ms (cache miss)
208 silly packumentCache full:https://registry.npmjs.org/lightningcss-linux-x64-musl set size:undefined disposed:false
209 silly fetch manifest @rolldown/binding-linux-ppc64-gnu@1.0.3
210 silly packumentCache full:https://registry.npmjs.org/@rolldown%2fbinding-linux-ppc64-gnu cache-miss
211 http fetch GET 200 https://registry.npmjs.org/lightningcss-darwin-x64 401ms (cache miss)
212 silly packumentCache full:https://registry.npmjs.org/lightningcss-darwin-x64 set size:undefined disposed:false
213 silly fetch manifest @rolldown/binding-linux-s390x-gnu@1.0.3
214 silly packumentCache full:https://registry.npmjs.org/@rolldown%2fbinding-linux-s390x-gnu cache-miss
215 http fetch GET 200 https://registry.npmjs.org/@rolldown%2fbinding-linux-ppc64-gnu 122ms (cache miss)
216 silly packumentCache full:https://registry.npmjs.org/@rolldown%2fbinding-linux-ppc64-gnu set size:undefined disposed:false
217 silly fetch manifest @rolldown/binding-linux-arm64-musl@1.0.3
218 silly packumentCache full:https://registry.npmjs.org/@rolldown%2fbinding-linux-arm64-musl cache-miss
219 http fetch GET 200 https://registry.npmjs.org/@rolldown%2fbinding-freebsd-x64 325ms (cache miss)
220 silly packumentCache full:https://registry.npmjs.org/@rolldown%2fbinding-freebsd-x64 set size:undefined disposed:false
221 silly fetch manifest @rolldown/binding-win32-arm64-msvc@1.0.3
222 silly packumentCache full:https://registry.npmjs.org/@rolldown%2fbinding-win32-arm64-msvc cache-miss
223 http fetch GET 200 https://registry.npmjs.org/@rolldown%2fbinding-darwin-x64 391ms (cache miss)
224 silly packumentCache full:https://registry.npmjs.org/@rolldown%2fbinding-darwin-x64 set size:undefined disposed:false
225 silly fetch manifest @rolldown/binding-openharmony-arm64@1.0.3
226 silly packumentCache full:https://registry.npmjs.org/@rolldown%2fbinding-openharmony-arm64 cache-miss
227 http fetch GET 200 https://registry.npmjs.org/@rolldown%2fbinding-wasm32-wasi 384ms (cache miss)
228 silly packumentCache full:https://registry.npmjs.org/@rolldown%2fbinding-wasm32-wasi set size:undefined disposed:false
229 silly fetch manifest @rolldown/binding-linux-arm-gnueabihf@1.0.3
230 silly packumentCache full:https://registry.npmjs.org/@rolldown%2fbinding-linux-arm-gnueabihf cache-miss
231 http fetch GET 200 https://registry.npmjs.org/@rolldown%2fbinding-darwin-arm64 421ms (cache miss)
232 silly packumentCache full:https://registry.npmjs.org/@rolldown%2fbinding-darwin-arm64 set size:undefined disposed:false
233 silly fetch manifest fdir@^6.5.0
234 silly packumentCache full:https://registry.npmjs.org/fdir cache-miss
235 http fetch GET 200 https://registry.npmjs.org/@rolldown%2fbinding-linux-x64-musl 357ms (cache miss)
236 silly packumentCache full:https://registry.npmjs.org/@rolldown%2fbinding-linux-x64-musl set size:undefined disposed:false
237 http fetch GET 200 https://registry.npmjs.org/@rolldown%2fbinding-linux-x64-gnu 457ms (cache miss)
238 silly packumentCache full:https://registry.npmjs.org/@rolldown%2fbinding-linux-x64-gnu set size:undefined disposed:false
239 http fetch GET 200 https://registry.npmjs.org/@rolldown%2fbinding-android-arm64 514ms (cache miss)
240 silly packumentCache full:https://registry.npmjs.org/@rolldown%2fbinding-android-arm64 set size:undefined disposed:false
241 http cache https://registry.npmjs.org/fdir 97ms (cache hit)
242 silly packumentCache full:https://registry.npmjs.org/fdir set size:136182 disposed:false
243 http fetch GET 200 https://registry.npmjs.org/@rolldown%2fbinding-openharmony-arm64 207ms (cache miss)
244 silly packumentCache full:https://registry.npmjs.org/@rolldown%2fbinding-openharmony-arm64 set size:undefined disposed:false
245 http fetch GET 200 https://registry.npmjs.org/@rolldown%2fbinding-linux-s390x-gnu 434ms (cache miss)
246 silly packumentCache full:https://registry.npmjs.org/@rolldown%2fbinding-linux-s390x-gnu set size:undefined disposed:false
247 http fetch GET 200 https://registry.npmjs.org/@rolldown%2fbinding-win32-x64-msvc 475ms (cache miss)
248 silly packumentCache full:https://registry.npmjs.org/@rolldown%2fbinding-win32-x64-msvc set size:undefined disposed:false
249 http fetch GET 200 https://registry.npmjs.org/@rolldown%2fbinding-linux-arm64-musl 386ms (cache miss)
250 silly packumentCache full:https://registry.npmjs.org/@rolldown%2fbinding-linux-arm64-musl set size:undefined disposed:false
251 http fetch GET 200 https://registry.npmjs.org/@rolldown%2fbinding-win32-arm64-msvc 368ms (cache miss)
252 silly packumentCache full:https://registry.npmjs.org/@rolldown%2fbinding-win32-arm64-msvc set size:undefined disposed:false
253 http fetch GET 200 https://registry.npmjs.org/@rolldown%2fbinding-linux-arm-gnueabihf 293ms (cache miss)
254 silly packumentCache full:https://registry.npmjs.org/@rolldown%2fbinding-linux-arm-gnueabihf set size:undefined disposed:false
255 http fetch GET 200 https://registry.npmjs.org/@rolldown%2fbinding-linux-arm64-gnu 602ms (cache miss)
256 silly packumentCache full:https://registry.npmjs.org/@rolldown%2fbinding-linux-arm64-gnu set size:undefined disposed:false
257 silly placeDep ROOT detect-libc@2.1.2 OK for: lightningcss@1.32.0 want: ^2.0.3
258 silly placeDep ROOT lightningcss-android-arm64@1.32.0 OK for: lightningcss@1.32.0 want: 1.32.0
259 silly placeDep ROOT lightningcss-darwin-arm64@1.32.0 OK for: lightningcss@1.32.0 want: 1.32.0
260 silly placeDep ROOT lightningcss-darwin-x64@1.32.0 OK for: lightningcss@1.32.0 want: 1.32.0
261 silly placeDep ROOT lightningcss-freebsd-x64@1.32.0 OK for: lightningcss@1.32.0 want: 1.32.0
262 silly placeDep ROOT lightningcss-linux-arm-gnueabihf@1.32.0 OK for: lightningcss@1.32.0 want: 1.32.0
263 silly placeDep ROOT lightningcss-linux-arm64-gnu@1.32.0 OK for: lightningcss@1.32.0 want: 1.32.0
264 silly placeDep ROOT lightningcss-linux-arm64-musl@1.32.0 OK for: lightningcss@1.32.0 want: 1.32.0
265 silly placeDep ROOT lightningcss-linux-x64-gnu@1.32.0 OK for: lightningcss@1.32.0 want: 1.32.0
266 silly placeDep ROOT lightningcss-linux-x64-musl@1.32.0 OK for: lightningcss@1.32.0 want: 1.32.0
267 silly placeDep ROOT lightningcss-win32-arm64-msvc@1.32.0 OK for: lightningcss@1.32.0 want: 1.32.0
268 silly placeDep ROOT lightningcss-win32-x64-msvc@1.32.0 OK for: lightningcss@1.32.0 want: 1.32.0
269 silly placeDep ROOT nanoid@3.3.13 OK for: postcss@8.5.15 want: ^3.3.12
270 silly placeDep ROOT source-map-js@1.2.1 OK for: postcss@8.5.15 want: ^1.2.1
271 silly placeDep ROOT @oxc-project/types@0.133.0 OK for: rolldown@1.0.3 want: =0.133.0
272 silly placeDep ROOT @rolldown/binding-android-arm64@1.0.3 OK for: rolldown@1.0.3 want: 1.0.3
273 silly placeDep ROOT @rolldown/binding-darwin-arm64@1.0.3 OK for: rolldown@1.0.3 want: 1.0.3
274 silly placeDep ROOT @rolldown/binding-darwin-x64@1.0.3 OK for: rolldown@1.0.3 want: 1.0.3
275 silly placeDep ROOT @rolldown/binding-freebsd-x64@1.0.3 OK for: rolldown@1.0.3 want: 1.0.3
276 silly placeDep ROOT @rolldown/binding-linux-arm-gnueabihf@1.0.3 OK for: rolldown@1.0.3 want: 1.0.3
277 silly placeDep ROOT @rolldown/binding-linux-arm64-gnu@1.0.3 OK for: rolldown@1.0.3 want: 1.0.3
278 silly placeDep ROOT @rolldown/binding-linux-arm64-musl@1.0.3 OK for: rolldown@1.0.3 want: 1.0.3
279 silly placeDep ROOT @rolldown/binding-linux-ppc64-gnu@1.0.3 OK for: rolldown@1.0.3 want: 1.0.3
280 silly placeDep ROOT @rolldown/binding-linux-s390x-gnu@1.0.3 OK for: rolldown@1.0.3 want: 1.0.3
281 silly placeDep ROOT @rolldown/binding-linux-x64-gnu@1.0.3 OK for: rolldown@1.0.3 want: 1.0.3
282 silly placeDep ROOT @rolldown/binding-linux-x64-musl@1.0.3 OK for: rolldown@1.0.3 want: 1.0.3
283 silly placeDep ROOT @rolldown/binding-openharmony-arm64@1.0.3 OK for: rolldown@1.0.3 want: 1.0.3
284 silly placeDep ROOT @rolldown/binding-wasm32-wasi@1.0.3 OK for: rolldown@1.0.3 want: 1.0.3
285 silly placeDep ROOT @rolldown/binding-win32-arm64-msvc@1.0.3 OK for: rolldown@1.0.3 want: 1.0.3
286 silly placeDep ROOT @rolldown/binding-win32-x64-msvc@1.0.3 OK for: rolldown@1.0.3 want: 1.0.3
287 silly fetch manifest @emnapi/core@1.10.0
288 silly packumentCache full:https://registry.npmjs.org/@emnapi%2fcore cache-miss
289 silly fetch manifest @emnapi/runtime@1.10.0
290 silly packumentCache full:https://registry.npmjs.org/@emnapi%2fruntime cache-miss
291 silly fetch manifest @napi-rs/wasm-runtime@^1.1.4
292 silly packumentCache full:https://registry.npmjs.org/@napi-rs%2fwasm-runtime cache-miss
293 http fetch GET 200 https://registry.npmjs.org/@emnapi%2fcore 64ms (cache miss)
294 silly packumentCache full:https://registry.npmjs.org/@emnapi%2fcore set size:undefined disposed:false
295 http fetch GET 200 https://registry.npmjs.org/@napi-rs%2fwasm-runtime 97ms (cache miss)
296 silly packumentCache full:https://registry.npmjs.org/@napi-rs%2fwasm-runtime set size:undefined disposed:false
297 http fetch GET 200 https://registry.npmjs.org/@emnapi%2fruntime 103ms (cache miss)
298 silly packumentCache full:https://registry.npmjs.org/@emnapi%2fruntime set size:undefined disposed:false
299 silly placeDep ROOT @emnapi/core@1.10.0 OK for: @rolldown/binding-wasm32-wasi@1.0.3 want: 1.10.0
300 silly placeDep ROOT @emnapi/runtime@1.10.0 OK for: @rolldown/binding-wasm32-wasi@1.0.3 want: 1.10.0
301 silly placeDep ROOT @napi-rs/wasm-runtime@1.1.5 OK for: @rolldown/binding-wasm32-wasi@1.0.3 want: ^1.1.4
302 silly fetch manifest tslib@^2.4.0
303 silly packumentCache full:https://registry.npmjs.org/tslib cache-miss
304 silly fetch manifest @emnapi/wasi-threads@1.2.1
305 silly packumentCache full:https://registry.npmjs.org/@emnapi%2fwasi-threads cache-miss
306 silly fetch manifest tslib@^2.4.0
307 silly packumentCache full:https://registry.npmjs.org/tslib cache-miss
308 silly fetch manifest @tybys/wasm-util@^0.10.2
309 silly packumentCache full:https://registry.npmjs.org/@tybys%2fwasm-util cache-miss
310 http fetch GET 200 https://registry.npmjs.org/@emnapi%2fwasi-threads 79ms (cache miss)
311 silly packumentCache full:https://registry.npmjs.org/@emnapi%2fwasi-threads set size:undefined disposed:false
312 http fetch GET 200 https://registry.npmjs.org/@tybys%2fwasm-util 80ms (cache miss)
313 silly packumentCache full:https://registry.npmjs.org/@tybys%2fwasm-util set size:undefined disposed:false
314 http fetch GET 200 https://registry.npmjs.org/tslib 87ms (cache miss)
315 silly packumentCache full:https://registry.npmjs.org/tslib set size:undefined disposed:false
316 http fetch GET 200 https://registry.npmjs.org/tslib 90ms (cache miss)
317 silly packumentCache full:https://registry.npmjs.org/tslib set size:undefined disposed:false
318 silly placeDep ROOT @emnapi/wasi-threads@1.2.1 OK for: @emnapi/core@1.10.0 want: 1.2.1
319 silly placeDep ROOT tslib@2.8.1 OK for: @emnapi/core@1.10.0 want: ^2.4.0
320 silly placeDep ROOT @tybys/wasm-util@0.10.2 OK for: @napi-rs/wasm-runtime@1.1.5 want: ^0.10.2
321 silly placeDep ROOT fdir@6.5.0 OK for: tinyglobby@0.2.17 want: ^6.5.0
322 silly reify mark retired [
322 silly reify   'C:\\Users\\hp\\Documents\\study\\upskill\\Cognizant-DN5-main\\DN5-Upskilling\\React\\StarterApp\\node_modules\\@babel\\helper-plugin-utils'
322 silly reify ]
323 silly reify mark retired [
323 silly reify   'C:\\Users\\hp\\Documents\\study\\upskill\\Cognizant-DN5-main\\DN5-Upskilling\\React\\StarterApp\\node_modules\\@babel\\plugin-transform-react-jsx-self'
323 silly reify ]
324 silly reify mark retired [
324 silly reify   'C:\\Users\\hp\\Documents\\study\\upskill\\Cognizant-DN5-main\\DN5-Upskilling\\React\\StarterApp\\node_modules\\@babel\\plugin-transform-react-jsx-source'
324 silly reify ]
325 silly reify mark retired [
325 silly reify   'C:\\Users\\hp\\Documents\\study\\upskill\\Cognizant-DN5-main\\DN5-Upskilling\\React\\StarterApp\\node_modules\\@esbuild\\win32-x64'
325 silly reify ]
326 silly reify mark retired [
326 silly reify   'C:\\Users\\hp\\Documents\\study\\upskill\\Cognizant-DN5-main\\DN5-Upskilling\\React\\StarterApp\\node_modules\\@rolldown\\pluginutils'
326 silly reify ]
327 silly reify mark retired [
327 silly reify   'C:\\Users\\hp\\Documents\\study\\upskill\\Cognizant-DN5-main\\DN5-Upskilling\\React\\StarterApp\\node_modules\\@rollup\\rollup-win32-x64-gnu'
327 silly reify ]
328 silly reify mark retired [
328 silly reify   'C:\\Users\\hp\\Documents\\study\\upskill\\Cognizant-DN5-main\\DN5-Upskilling\\React\\StarterApp\\node_modules\\@rollup\\rollup-win32-x64-msvc'
328 silly reify ]
329 silly reify mark retired [
329 silly reify   'C:\\Users\\hp\\Documents\\study\\upskill\\Cognizant-DN5-main\\DN5-Upskilling\\React\\StarterApp\\node_modules\\@types\\babel__core'
329 silly reify ]
330 silly reify mark retired [
330 silly reify   'C:\\Users\\hp\\Documents\\study\\upskill\\Cognizant-DN5-main\\DN5-Upskilling\\React\\StarterApp\\node_modules\\@types\\babel__generator'
330 silly reify ]
331 silly reify mark retired [
331 silly reify   'C:\\Users\\hp\\Documents\\study\\upskill\\Cognizant-DN5-main\\DN5-Upskilling\\React\\StarterApp\\node_modules\\@types\\babel__template'
331 silly reify ]
332 silly reify mark retired [
332 silly reify   'C:\\Users\\hp\\Documents\\study\\upskill\\Cognizant-DN5-main\\DN5-Upskilling\\React\\StarterApp\\node_modules\\@types\\babel__traverse'
332 silly reify ]
333 silly reify mark retired [
333 silly reify   'C:\\Users\\hp\\Documents\\study\\upskill\\Cognizant-DN5-main\\DN5-Upskilling\\React\\StarterApp\\node_modules\\@vitejs\\plugin-react'
333 silly reify ]
334 silly reify mark retired [
334 silly reify   'C:\\Users\\hp\\Documents\\study\\upskill\\Cognizant-DN5-main\\DN5-Upskilling\\React\\StarterApp\\node_modules\\esbuild',
334 silly reify   'C:\\Users\\hp\\Documents\\study\\upskill\\Cognizant-DN5-main\\DN5-Upskilling\\React\\StarterApp\\node_modules\\.bin\\esbuild',
334 silly reify   'C:\\Users\\hp\\Documents\\study\\upskill\\Cognizant-DN5-main\\DN5-Upskilling\\React\\StarterApp\\node_modules\\.bin\\esbuild.cmd',
334 silly reify   'C:\\Users\\hp\\Documents\\study\\upskill\\Cognizant-DN5-main\\DN5-Upskilling\\React\\StarterApp\\node_modules\\.bin\\esbuild.ps1'
334 silly reify ]
335 silly reify mark retired [
335 silly reify   'C:\\Users\\hp\\Documents\\study\\upskill\\Cognizant-DN5-main\\DN5-Upskilling\\React\\StarterApp\\node_modules\\react-refresh'
335 silly reify ]
336 silly reify mark retired [
336 silly reify   'C:\\Users\\hp\\Documents\\study\\upskill\\Cognizant-DN5-main\\DN5-Upskilling\\React\\StarterApp\\node_modules\\rollup',
336 silly reify   'C:\\Users\\hp\\Documents\\study\\upskill\\Cognizant-DN5-main\\DN5-Upskilling\\React\\StarterApp\\node_modules\\.bin\\rollup',
336 silly reify   'C:\\Users\\hp\\Documents\\study\\upskill\\Cognizant-DN5-main\\DN5-Upskilling\\React\\StarterApp\\node_modules\\.bin\\rollup.cmd',
336 silly reify   'C:\\Users\\hp\\Documents\\study\\upskill\\Cognizant-DN5-main\\DN5-Upskilling\\React\\StarterApp\\node_modules\\.bin\\rollup.ps1'
336 silly reify ]
337 silly reify mark retired [
337 silly reify   'C:\\Users\\hp\\Documents\\study\\upskill\\Cognizant-DN5-main\\DN5-Upskilling\\React\\StarterApp\\node_modules\\vite',
337 silly reify   'C:\\Users\\hp\\Documents\\study\\upskill\\Cognizant-DN5-main\\DN5-Upskilling\\React\\StarterApp\\node_modules\\.bin\\vite',
337 silly reify   'C:\\Users\\hp\\Documents\\study\\upskill\\Cognizant-DN5-main\\DN5-Upskilling\\React\\StarterApp\\node_modules\\.bin\\vite.cmd',
337 silly reify   'C:\\Users\\hp\\Documents\\study\\upskill\\Cognizant-DN5-main\\DN5-Upskilling\\React\\StarterApp\\node_modules\\.bin\\vite.ps1'
337 silly reify ]
338 silly reify moves {
338 silly reify   'C:\\Users\\hp\\Documents\\study\\upskill\\Cognizant-DN5-main\\DN5-Upskilling\\React\\StarterApp\\node_modules\\@babel\\helper-plugin-utils': 'C:\\Users\\hp\\Documents\\study\\upskill\\Cognizant-DN5-main\\DN5-Upskilling\\React\\StarterApp\\node_modules\\@babel\\.helper-plugin-utils-I0z8BIo8',
338 silly reify   'C:\\Users\\hp\\Documents\\study\\upskill\\Cognizant-DN5-main\\DN5-Upskilling\\React\\StarterApp\\node_modules\\@babel\\plugin-transform-react-jsx-self': 'C:\\Users\\hp\\Documents\\study\\upskill\\Cognizant-DN5-main\\DN5-Upskilling\\React\\StarterApp\\node_modules\\@babel\\.plugin-transform-react-jsx-self-cgjhJMlZ',
338 silly reify   'C:\\Users\\hp\\Documents\\study\\upskill\\Cognizant-DN5-main\\DN5-Upskilling\\React\\StarterApp\\node_modules\\@babel\\plugin-transform-react-jsx-source': 'C:\\Users\\hp\\Documents\\study\\upskill\\Cognizant-DN5-main\\DN5-Upskilling\\React\\StarterApp\\node_modules\\@babel\\.plugin-transform-react-jsx-source-0AWGcu3W',
338 silly reify   'C:\\Users\\hp\\Documents\\study\\upskill\\Cognizant-DN5-main\\DN5-Upskilling\\React\\StarterApp\\node_modules\\@esbuild\\win32-x64': 'C:\\Users\\hp\\Documents\\study\\upskill\\Cognizant-DN5-main\\DN5-Upskilling\\React\\StarterApp\\node_modules\\@esbuild\\.win32-x64-itXjjWQK',
338 silly reify   'C:\\Users\\hp\\Documents\\study\\upskill\\Cognizant-DN5-main\\DN5-Upskilling\\React\\StarterApp\\node_modules\\@rolldown\\pluginutils': 'C:\\Users\\hp\\Documents\\study\\upskill\\Cognizant-DN5-main\\DN5-Upskilling\\React\\StarterApp\\node_modules\\@rolldown\\.pluginutils-JtZ6pD3R',
338 silly reify   'C:\\Users\\hp\\Documents\\study\\upskill\\Cognizant-DN5-main\\DN5-Upskilling\\React\\StarterApp\\node_modules\\@rollup\\rollup-win32-x64-gnu': 'C:\\Users\\hp\\Documents\\study\\upskill\\Cognizant-DN5-main\\DN5-Upskilling\\React\\StarterApp\\node_modules\\@rollup\\.rollup-win32-x64-gnu-BATF6CU7',
338 silly reify   'C:\\Users\\hp\\Documents\\study\\upskill\\Cognizant-DN5-main\\DN5-Upskilling\\React\\StarterApp\\node_modules\\@rollup\\rollup-win32-x64-msvc': 'C:\\Users\\hp\\Documents\\study\\upskill\\Cognizant-DN5-main\\DN5-Upskilling\\React\\StarterApp\\node_modules\\@rollup\\.rollup-win32-x64-msvc-yI3iMX0b',
338 silly reify   'C:\\Users\\hp\\Documents\\study\\upskill\\Cognizant-DN5-main\\DN5-Upskilling\\React\\StarterApp\\node_modules\\@types\\babel__core': 'C:\\Users\\hp\\Documents\\study\\upskill\\Cognizant-DN5-main\\DN5-Upskilling\\React\\StarterApp\\node_modules\\@types\\.babel__core-i74gsocq',
338 silly reify   'C:\\Users\\hp\\Documents\\study\\upskill\\Cognizant-DN5-main\\DN5-Upskilling\\React\\StarterApp\\node_modules\\@types\\babel__generator': 'C:\\Users\\hp\\Documents\\study\\upskill\\Cognizant-DN5-main\\DN5-Upskilling\\React\\StarterApp\\node_modules\\@types\\.babel__generator-muC3LYxr',
338 silly reify   'C:\\Users\\hp\\Documents\\study\\upskill\\Cognizant-DN5-main\\DN5-Upskilling\\React\\StarterApp\\node_modules\\@types\\babel__template': 'C:\\Users\\hp\\Documents\\study\\upskill\\Cognizant-DN5-main\\DN5-Upskilling\\React\\StarterApp\\node_modules\\@types\\.babel__template-enK5VTaV',
338 silly reify   'C:\\Users\\hp\\Documents\\study\\upskill\\Cognizant-DN5-main\\DN5-Upskilling\\React\\StarterApp\\node_modules\\@types\\babel__traverse': 'C:\\Users\\hp\\Documents\\study\\upskill\\Cognizant-DN5-main\\DN5-Upskilling\\React\\StarterApp\\node_modules\\@types\\.babel__traverse-DB8EWuXL',
338 silly reify   'C:\\Users\\hp\\Documents\\study\\upskill\\Cognizant-DN5-main\\DN5-Upskilling\\React\\StarterApp\\node_modules\\@vitejs\\plugin-react': 'C:\\Users\\hp\\Documents\\study\\upskill\\Cognizant-DN5-main\\DN5-Upskilling\\React\\StarterApp\\node_modules\\@vitejs\\.plugin-react-SgHv1Ozh',
338 silly reify   'C:\\Users\\hp\\Documents\\study\\upskill\\Cognizant-DN5-main\\DN5-Upskilling\\React\\StarterApp\\node_modules\\esbuild': 'C:\\Users\\hp\\Documents\\study\\upskill\\Cognizant-DN5-main\\DN5-Upskilling\\React\\StarterApp\\node_modules\\.esbuild-nRQ1dwtc',
338 silly reify   'C:\\Users\\hp\\Documents\\study\\upskill\\Cognizant-DN5-main\\DN5-Upskilling\\React\\StarterApp\\node_modules\\.bin\\esbuild': 'C:\\Users\\hp\\Documents\\study\\upskill\\Cognizant-DN5-main\\DN5-Upskilling\\React\\StarterApp\\node_modules\\.bin\\.esbuild-nJegKPUr',
338 silly reify   'C:\\Users\\hp\\Documents\\study\\upskill\\Cognizant-DN5-main\\DN5-Upskilling\\React\\StarterApp\\node_modules\\.bin\\esbuild.cmd': 'C:\\Users\\hp\\Documents\\study\\upskill\\Cognizant-DN5-main\\DN5-Upskilling\\React\\StarterApp\\node_modules\\.bin\\.esbuild.cmd-gxy3mAhR',
338 silly reify   'C:\\Users\\hp\\Documents\\study\\upskill\\Cognizant-DN5-main\\DN5-Upskilling\\React\\StarterApp\\node_modules\\.bin\\esbuild.ps1': 'C:\\Users\\hp\\Documents\\study\\upskill\\Cognizant-DN5-main\\DN5-Upskilling\\React\\StarterApp\\node_modules\\.bin\\.esbuild.ps1-v28fm0Ox',
338 silly reify   'C:\\Users\\hp\\Documents\\study\\upskill\\Cognizant-DN5-main\\DN5-Upskilling\\React\\StarterApp\\node_modules\\react-refresh': 'C:\\Users\\hp\\Documents\\study\\upskill\\Cognizant-DN5-main\\DN5-Upskilling\\React\\StarterApp\\node_modules\\.react-refresh-W4yKlxU9',
338 silly reify   'C:\\Users\\hp\\Documents\\study\\upskill\\Cognizant-DN5-main\\DN5-Upskilling\\React\\StarterApp\\node_modules\\rollup': 'C:\\Users\\hp\\Documents\\study\\upskill\\Cognizant-DN5-main\\DN5-Upskilling\\React\\StarterApp\\node_modules\\.rollup-u7NEh7to',
338 silly reify   'C:\\Users\\hp\\Documents\\study\\upskill\\Cognizant-DN5-main\\DN5-Upskilling\\React\\StarterApp\\node_modules\\.bin\\rollup': 'C:\\Users\\hp\\Documents\\study\\upskill\\Cognizant-DN5-main\\DN5-Upskilling\\React\\StarterApp\\node_modules\\.bin\\.rollup-VU2gwJvZ',
338 silly reify   'C:\\Users\\hp\\Documents\\study\\upskill\\Cognizant-DN5-main\\DN5-Upskilling\\React\\StarterApp\\node_modules\\.bin\\rollup.cmd': 'C:\\Users\\hp\\Documents\\study\\upskill\\Cognizant-DN5-main\\DN5-Upskilling\\React\\StarterApp\\node_modules\\.bin\\.rollup.cmd-5Ka7fJH4',
338 silly reify   'C:\\Users\\hp\\Documents\\study\\upskill\\Cognizant-DN5-main\\DN5-Upskilling\\React\\StarterApp\\node_modules\\.bin\\rollup.ps1': 'C:\\Users\\hp\\Documents\\study\\upskill\\Cognizant-DN5-main\\DN5-Upskilling\\React\\StarterApp\\node_modules\\.bin\\.rollup.ps1-MgGAMZ3g',
338 silly reify   'C:\\Users\\hp\\Documents\\study\\upskill\\Cognizant-DN5-main\\DN5-Upskilling\\React\\StarterApp\\node_modules\\vite': 'C:\\Users\\hp\\Documents\\study\\upskill\\Cognizant-DN5-main\\DN5-Upskilling\\React\\StarterApp\\node_modules\\.vite-CNMMYZg8',
338 silly reify   'C:\\Users\\hp\\Documents\\study\\upskill\\Cognizant-DN5-main\\DN5-Upskilling\\React\\StarterApp\\node_modules\\.bin\\vite': 'C:\\Users\\hp\\Documents\\study\\upskill\\Cognizant-DN5-main\\DN5-Upskilling\\React\\StarterApp\\node_modules\\.bin\\.vite-Z35cuj1Y',
338 silly reify   'C:\\Users\\hp\\Documents\\study\\upskill\\Cognizant-DN5-main\\DN5-Upskilling\\React\\StarterApp\\node_modules\\.bin\\vite.cmd': 'C:\\Users\\hp\\Documents\\study\\upskill\\Cognizant-DN5-main\\DN5-Upskilling\\React\\StarterApp\\node_modules\\.bin\\.vite.cmd-DI0tp3uv',
338 silly reify   'C:\\Users\\hp\\Documents\\study\\upskill\\Cognizant-DN5-main\\DN5-Upskilling\\React\\StarterApp\\node_modules\\.bin\\vite.ps1': 'C:\\Users\\hp\\Documents\\study\\upskill\\Cognizant-DN5-main\\DN5-Upskilling\\React\\StarterApp\\node_modules\\.bin\\.vite.ps1-5bEJu8ej'
338 silly reify }
339 silly audit bulk request {
339 silly audit   '@babel/code-frame': [ '7.29.7' ],
339 silly audit   '@babel/compat-data': [ '7.29.7' ],
339 silly audit   '@babel/core': [ '7.29.7' ],
339 silly audit   '@babel/generator': [ '7.29.7' ],
339 silly audit   '@babel/helper-compilation-targets': [ '7.29.7' ],
339 silly audit   '@babel/helper-globals': [ '7.29.7' ],
339 silly audit   '@babel/helper-module-imports': [ '7.29.7' ],
339 silly audit   '@babel/helper-module-transforms': [ '7.29.7' ],
339 silly audit   '@babel/helper-string-parser': [ '7.29.7' ],
339 silly audit   '@babel/helper-validator-identifier': [ '7.29.7' ],
339 silly audit   '@babel/helper-validator-option': [ '7.29.7' ],
339 silly audit   '@babel/helpers': [ '7.29.7' ],
339 silly audit   '@babel/parser': [ '7.29.7' ],
339 silly audit   '@babel/template': [ '7.29.7' ],
339 silly audit   '@babel/traverse': [ '7.29.7' ],
339 silly audit   '@babel/types': [ '7.29.7' ],
339 silly audit   '@eslint-community/eslint-utils': [ '4.9.1' ],
339 silly audit   'eslint-visitor-keys': [ '3.4.3', '4.2.1' ],
339 silly audit   '@eslint-community/regexpp': [ '4.12.2' ],
339 silly audit   '@eslint/config-array': [ '0.21.2' ],
339 silly audit   '@eslint/config-helpers': [ '0.4.2' ],
339 silly audit   '@eslint/core': [ '0.17.0' ],
339 silly audit   '@eslint/eslintrc': [ '3.3.5' ],
339 silly audit   globals: [ '14.0.0', '16.5.0' ],
339 silly audit   '@eslint/js': [ '9.39.4' ],
339 silly audit   '@eslint/object-schema': [ '2.1.7' ],
339 silly audit   '@eslint/plugin-kit': [ '0.4.1' ],
339 silly audit   '@humanfs/core': [ '0.19.2' ],
339 silly audit   '@humanfs/node': [ '0.16.8' ],
339 silly audit   '@humanfs/types': [ '0.15.0' ],
339 silly audit   '@humanwhocodes/module-importer': [ '1.0.1' ],
339 silly audit   '@humanwhocodes/retry': [ '0.4.3' ],
339 silly audit   '@jridgewell/gen-mapping': [ '0.3.13' ],
339 silly audit   '@jridgewell/remapping': [ '2.3.5' ],
339 silly audit   '@jridgewell/resolve-uri': [ '3.1.2' ],
339 silly audit   '@jridgewell/sourcemap-codec': [ '1.5.5' ],
339 silly audit   '@jridgewell/trace-mapping': [ '0.3.31' ],
339 silly audit   '@types/estree': [ '1.0.9' ],
339 silly audit   '@types/json-schema': [ '7.0.15' ],
339 silly audit   acorn: [ '8.17.0' ],
339 silly audit   'acorn-jsx': [ '5.3.2' ],
339 silly audit   ajv: [ '6.15.0' ],
339 silly audit   'ansi-styles': [ '4.3.0' ],
339 silly audit   argparse: [ '2.0.1' ],
339 silly audit   'balanced-match': [ '1.0.2' ],
339 silly audit   'baseline-browser-mapping': [ '2.10.38' ],
339 silly audit   'brace-expansion': [ '1.1.15' ],
339 silly audit   browserslist: [ '4.28.2' ],
339 silly audit   callsites: [ '3.1.0' ],
339 silly audit   'caniuse-lite': [ '1.0.30001799' ],
339 silly audit   chalk: [ '4.1.2' ],
339 silly audit   'color-convert': [ '2.0.1' ],
339 silly audit   'color-name': [ '1.1.4' ],
339 silly audit   'concat-map': [ '0.0.1' ],
339 silly audit   'convert-source-map': [ '2.0.0' ],
339 silly audit   'cross-spawn': [ '7.0.6' ],
339 silly audit   debug: [ '4.4.3' ],
339 silly audit   'deep-is': [ '0.1.4' ],
339 silly audit   'electron-to-chromium': [ '1.5.376' ],
339 silly audit   escalade: [ '3.2.0' ],
339 silly audit   'escape-string-regexp': [ '4.0.0' ],
339 silly audit   eslint: [ '9.39.4' ],
339 silly audit   'eslint-plugin-react-hooks': [ '7.1.1' ],
339 silly audit   'eslint-plugin-react-refresh': [ '0.4.26' ],
339 silly audit   'eslint-scope': [ '8.4.0' ],
339 silly audit   espree: [ '10.4.0' ],
339 silly audit   esquery: [ '1.7.0' ],
339 silly audit   esrecurse: [ '4.3.0' ],
339 silly audit   estraverse: [ '5.3.0' ],
339 silly audit   esutils: [ '2.0.3' ],
339 silly audit   'fast-deep-equal': [ '3.1.3' ],
339 silly audit   'fast-json-stable-stringify': [ '2.1.0' ],
339 silly audit   'fast-levenshtein': [ '2.0.6' ],
339 silly audit   'file-entry-cache': [ '8.0.0' ],
339 silly audit   'find-up': [ '5.0.0' ],
339 silly audit   'flat-cache': [ '4.0.1' ],
339 silly audit   flatted: [ '3.4.2' ],
339 silly audit   gensync: [ '1.0.0-beta.2' ],
339 silly audit   'glob-parent': [ '6.0.2' ],
339 silly audit   'has-flag': [ '4.0.0' ],
339 silly audit   'hermes-estree': [ '0.25.1' ],
339 silly audit   'hermes-parser': [ '0.25.1' ],
339 silly audit   ignore: [ '5.3.2' ],
339 silly audit   'import-fresh': [ '3.3.1' ],
339 silly audit   imurmurhash: [ '0.1.4' ],
339 silly audit   'is-extglob': [ '2.1.1' ],
339 silly audit   'is-glob': [ '4.0.3' ],
339 silly audit   isexe: [ '2.0.0' ],
339 silly audit   'js-tokens': [ '4.0.0' ],
339 silly audit   'js-yaml': [ '4.2.0' ],
339 silly audit   jsesc: [ '3.1.0' ],
339 silly audit   'json-buffer': [ '3.0.1' ],
339 silly audit   'json-schema-traverse': [ '0.4.1' ],
339 silly audit   'json-stable-stringify-without-jsonify': [ '1.0.1' ],
339 silly audit   json5: [ '2.2.3' ],
339 silly audit   keyv: [ '4.5.4' ],
339 silly audit   levn: [ '0.4.1' ],
339 silly audit   'locate-path': [ '6.0.0' ],
339 silly audit   'lodash.merge': [ '4.6.2' ],
339 silly audit   'lru-cache': [ '5.1.1' ],
339 silly audit   minimatch: [ '3.1.5' ],
339 silly audit   ms: [ '2.1.3' ],
339 silly audit   'natural-compare': [ '1.4.0' ],
339 silly audit   'node-releases': [ '2.0.48' ],
339 silly audit   optionator: [ '0.9.4' ],
339 silly audit   'p-limit': [ '3.1.0' ],
339 silly audit   'p-locate': [ '5.0.0' ],
339 silly audit   'parent-module': [ '1.0.1' ],
339 silly audit   'path-exists': [ '4.0.0' ],
339 silly audit   'path-key': [ '3.1.1' ],
339 silly audit   picocolors: [ '1.1.1' ],
339 silly audit   'prelude-ls': [ '1.2.1' ],
339 silly audit   punycode: [ '2.3.1' ],
339 silly audit   react: [ '19.2.7' ],
339 silly audit   'react-dom': [ '19.2.7' ],
339 silly audit   'resolve-from': [ '4.0.0' ],
339 silly audit   scheduler: [ '0.27.0' ],
339 silly audit   semver: [ '6.3.1' ],
339 silly audit   'shebang-command': [ '2.0.0' ],
339 silly audit   'shebang-regex': [ '3.0.0' ],
339 silly audit   'strip-json-comments': [ '3.1.1' ],
339 silly audit   'supports-color': [ '7.2.0' ],
339 silly audit   'type-check': [ '0.4.0' ],
339 silly audit   'update-browserslist-db': [ '1.2.3' ],
339 silly audit   'uri-js': [ '4.4.1' ],
339 silly audit   which: [ '2.0.2' ],
339 silly audit   'word-wrap': [ '1.2.5' ],
339 silly audit   yallist: [ '3.1.1' ],
339 silly audit   'yocto-queue': [ '0.1.0' ],
339 silly audit   zod: [ '4.4.3' ],
339 silly audit   'zod-validation-error': [ '4.0.2' ],
339 silly audit   '@vitejs/plugin-react': [ '6.0.2' ],
339 silly audit   vite: [ '8.0.16' ],
339 silly audit   '@rolldown/pluginutils': [ '1.0.1' ],
339 silly audit   fsevents: [ '2.3.3' ],
339 silly audit   lightningcss: [ '1.32.0' ],
339 silly audit   picomatch: [ '4.0.4' ],
339 silly audit   postcss: [ '8.5.15' ],
339 silly audit   rolldown: [ '1.0.3' ],
339 silly audit   tinyglobby: [ '0.2.17' ],
339 silly audit   'detect-libc': [ '2.1.2' ],
339 silly audit   'lightningcss-android-arm64': [ '1.32.0' ],
339 silly audit   'lightningcss-darwin-arm64': [ '1.32.0' ],
339 silly audit   'lightningcss-darwin-x64': [ '1.32.0' ],
339 silly audit   'lightningcss-freebsd-x64': [ '1.32.0' ],
339 silly audit   'lightningcss-linux-arm-gnueabihf': [ '1.32.0' ],
339 silly audit   'lightningcss-linux-arm64-gnu': [ '1.32.0' ],
339 silly audit   'lightningcss-linux-arm64-musl': [ '1.32.0' ],
339 silly audit   'lightningcss-linux-x64-gnu': [ '1.32.0' ],
339 silly audit   'lightningcss-linux-x64-musl': [ '1.32.0' ],
339 silly audit   'lightningcss-win32-arm64-msvc': [ '1.32.0' ],
339 silly audit   'lightningcss-win32-x64-msvc': [ '1.32.0' ],
339 silly audit   nanoid: [ '3.3.13' ],
339 silly audit   'source-map-js': [ '1.2.1' ],
339 silly audit   '@oxc-project/types': [ '0.133.0' ],
339 silly audit   '@rolldown/binding-android-arm64': [ '1.0.3' ],
339 silly audit   '@rolldown/binding-darwin-arm64': [ '1.0.3' ],
339 silly audit   '@rolldown/binding-darwin-x64': [ '1.0.3' ],
339 silly audit   '@rolldown/binding-freebsd-x64': [ '1.0.3' ],
339 silly audit   '@rolldown/binding-linux-arm-gnueabihf': [ '1.0.3' ],
339 silly audit   '@rolldown/binding-linux-arm64-gnu': [ '1.0.3' ],
339 silly audit   '@rolldown/binding-linux-arm64-musl': [ '1.0.3' ],
339 silly audit   '@rolldown/binding-linux-ppc64-gnu': [ '1.0.3' ],
339 silly audit   '@rolldown/binding-linux-s390x-gnu': [ '1.0.3' ],
339 silly audit   '@rolldown/binding-linux-x64-gnu': [ '1.0.3' ],
339 silly audit   '@rolldown/binding-linux-x64-musl': [ '1.0.3' ],
339 silly audit   '@rolldown/binding-openharmony-arm64': [ '1.0.3' ],
339 silly audit   '@rolldown/binding-wasm32-wasi': [ '1.0.3' ],
339 silly audit   '@rolldown/binding-win32-arm64-msvc': [ '1.0.3' ],
339 silly audit   '@rolldown/binding-win32-x64-msvc': [ '1.0.3' ],
339 silly audit   '@emnapi/core': [ '1.10.0' ],
339 silly audit   '@emnapi/runtime': [ '1.10.0' ],
339 silly audit   '@napi-rs/wasm-runtime': [ '1.1.5' ],
339 silly audit   '@emnapi/wasi-threads': [ '1.2.1' ],
339 silly audit   tslib: [ '2.8.1' ],
339 silly audit   '@tybys/wasm-util': [ '0.10.2' ],
339 silly audit   fdir: [ '6.5.0' ]
339 silly audit }
340 verbose reify failed optional dependency C:\Users\hp\Documents\study\upskill\Cognizant-DN5-main\DN5-Upskilling\React\StarterApp\node_modules\@rolldown\binding-win32-arm64-msvc
341 silly reify mark deleted [
341 silly reify   'C:\\Users\\hp\\Documents\\study\\upskill\\Cognizant-DN5-main\\DN5-Upskilling\\React\\StarterApp\\node_modules\\@rolldown\\binding-win32-arm64-msvc'
341 silly reify ]
342 verbose reify failed optional dependency C:\Users\hp\Documents\study\upskill\Cognizant-DN5-main\DN5-Upskilling\React\StarterApp\node_modules\@rolldown\binding-wasm32-wasi
343 silly reify mark deleted [
343 silly reify   'C:\\Users\\hp\\Documents\\study\\upskill\\Cognizant-DN5-main\\DN5-Upskilling\\React\\StarterApp\\node_modules\\@rolldown\\binding-wasm32-wasi'
343 silly reify ]
344 verbose reify failed optional dependency C:\Users\hp\Documents\study\upskill\Cognizant-DN5-main\DN5-Upskilling\React\StarterApp\node_modules\@emnapi\core
345 silly reify mark deleted [
345 silly reify   'C:\\Users\\hp\\Documents\\study\\upskill\\Cognizant-DN5-main\\DN5-Upskilling\\React\\StarterApp\\node_modules\\@emnapi\\core'
345 silly reify ]
346 verbose reify failed optional dependency C:\Users\hp\Documents\study\upskill\Cognizant-DN5-main\DN5-Upskilling\React\StarterApp\node_modules\@emnapi\runtime
347 silly reify mark deleted [
347 silly reify   'C:\\Users\\hp\\Documents\\study\\upskill\\Cognizant-DN5-main\\DN5-Upskilling\\React\\StarterApp\\node_modules\\@emnapi\\runtime'
347 silly reify ]
348 verbose reify failed optional dependency C:\Users\hp\Documents\study\upskill\Cognizant-DN5-main\DN5-Upskilling\React\StarterApp\node_modules\@napi-rs\wasm-runtime
349 silly reify mark deleted [
349 silly reify   'C:\\Users\\hp\\Documents\\study\\upskill\\Cognizant-DN5-main\\DN5-Upskilling\\React\\StarterApp\\node_modules\\@napi-rs\\wasm-runtime'
349 silly reify ]
350 verbose reify failed optional dependency C:\Users\hp\Documents\study\upskill\Cognizant-DN5-main\DN5-Upskilling\React\StarterApp\node_modules\tslib
351 silly reify mark deleted [
351 silly reify   'C:\\Users\\hp\\Documents\\study\\upskill\\Cognizant-DN5-main\\DN5-Upskilling\\React\\StarterApp\\node_modules\\tslib'
351 silly reify ]
352 verbose reify failed optional dependency C:\Users\hp\Documents\study\upskill\Cognizant-DN5-main\DN5-Upskilling\React\StarterApp\node_modules\@emnapi\wasi-threads
353 silly reify mark deleted [
353 silly reify   'C:\\Users\\hp\\Documents\\study\\upskill\\Cognizant-DN5-main\\DN5-Upskilling\\React\\StarterApp\\node_modules\\@emnapi\\wasi-threads'
353 silly reify ]
354 verbose reify failed optional dependency C:\Users\hp\Documents\study\upskill\Cognizant-DN5-main\DN5-Upskilling\React\StarterApp\node_modules\@tybys\wasm-util
355 silly reify mark deleted [
355 silly reify   'C:\\Users\\hp\\Documents\\study\\upskill\\Cognizant-DN5-main\\DN5-Upskilling\\React\\StarterApp\\node_modules\\@tybys\\wasm-util'
355 silly reify ]
356 verbose reify failed optional dependency C:\Users\hp\Documents\study\upskill\Cognizant-DN5-main\DN5-Upskilling\React\StarterApp\node_modules\@rolldown\binding-openharmony-arm64
357 silly reify mark deleted [
357 silly reify   'C:\\Users\\hp\\Documents\\study\\upskill\\Cognizant-DN5-main\\DN5-Upskilling\\React\\StarterApp\\node_modules\\@rolldown\\binding-openharmony-arm64'
357 silly reify ]
358 verbose reify failed optional dependency C:\Users\hp\Documents\study\upskill\Cognizant-DN5-main\DN5-Upskilling\React\StarterApp\node_modules\@rolldown\binding-linux-x64-musl
359 silly reify mark deleted [
359 silly reify   'C:\\Users\\hp\\Documents\\study\\upskill\\Cognizant-DN5-main\\DN5-Upskilling\\React\\StarterApp\\node_modules\\@rolldown\\binding-linux-x64-musl'
359 silly reify ]
360 verbose reify failed optional dependency C:\Users\hp\Documents\study\upskill\Cognizant-DN5-main\DN5-Upskilling\React\StarterApp\node_modules\@rolldown\binding-linux-x64-gnu
361 silly reify mark deleted [
361 silly reify   'C:\\Users\\hp\\Documents\\study\\upskill\\Cognizant-DN5-main\\DN5-Upskilling\\React\\StarterApp\\node_modules\\@rolldown\\binding-linux-x64-gnu'
361 silly reify ]
362 verbose reify failed optional dependency C:\Users\hp\Documents\study\upskill\Cognizant-DN5-main\DN5-Upskilling\React\StarterApp\node_modules\@rolldown\binding-linux-s390x-gnu
363 silly reify mark deleted [
363 silly reify   'C:\\Users\\hp\\Documents\\study\\upskill\\Cognizant-DN5-main\\DN5-Upskilling\\React\\StarterApp\\node_modules\\@rolldown\\binding-linux-s390x-gnu'
363 silly reify ]
364 verbose reify failed optional dependency C:\Users\hp\Documents\study\upskill\Cognizant-DN5-main\DN5-Upskilling\React\StarterApp\node_modules\@rolldown\binding-linux-ppc64-gnu
365 silly reify mark deleted [
365 silly reify   'C:\\Users\\hp\\Documents\\study\\upskill\\Cognizant-DN5-main\\DN5-Upskilling\\React\\StarterApp\\node_modules\\@rolldown\\binding-linux-ppc64-gnu'
365 silly reify ]
366 verbose reify failed optional dependency C:\Users\hp\Documents\study\upskill\Cognizant-DN5-main\DN5-Upskilling\React\StarterApp\node_modules\@rolldown\binding-linux-arm64-musl
367 silly reify mark deleted [
367 silly reify   'C:\\Users\\hp\\Documents\\study\\upskill\\Cognizant-DN5-main\\DN5-Upskilling\\React\\StarterApp\\node_modules\\@rolldown\\binding-linux-arm64-musl'
367 silly reify ]
368 verbose reify failed optional dependency C:\Users\hp\Documents\study\upskill\Cognizant-DN5-main\DN5-Upskilling\React\StarterApp\node_modules\@rolldown\binding-linux-arm64-gnu
369 silly reify mark deleted [
369 silly reify   'C:\\Users\\hp\\Documents\\study\\upskill\\Cognizant-DN5-main\\DN5-Upskilling\\React\\StarterApp\\node_modules\\@rolldown\\binding-linux-arm64-gnu'
369 silly reify ]
370 verbose reify failed optional dependency C:\Users\hp\Documents\study\upskill\Cognizant-DN5-main\DN5-Upskilling\React\StarterApp\node_modules\@rolldown\binding-linux-arm-gnueabihf
371 silly reify mark deleted [
371 silly reify   'C:\\Users\\hp\\Documents\\study\\upskill\\Cognizant-DN5-main\\DN5-Upskilling\\React\\StarterApp\\node_modules\\@rolldown\\binding-linux-arm-gnueabihf'
371 silly reify ]
372 verbose reify failed optional dependency C:\Users\hp\Documents\study\upskill\Cognizant-DN5-main\DN5-Upskilling\React\StarterApp\node_modules\@rolldown\binding-freebsd-x64
373 silly reify mark deleted [
373 silly reify   'C:\\Users\\hp\\Documents\\study\\upskill\\Cognizant-DN5-main\\DN5-Upskilling\\React\\StarterApp\\node_modules\\@rolldown\\binding-freebsd-x64'
373 silly reify ]
374 verbose reify failed optional dependency C:\Users\hp\Documents\study\upskill\Cognizant-DN5-main\DN5-Upskilling\React\StarterApp\node_modules\@rolldown\binding-darwin-x64
375 silly reify mark deleted [
375 silly reify   'C:\\Users\\hp\\Documents\\study\\upskill\\Cognizant-DN5-main\\DN5-Upskilling\\React\\StarterApp\\node_modules\\@rolldown\\binding-darwin-x64'
375 silly reify ]
376 verbose reify failed optional dependency C:\Users\hp\Documents\study\upskill\Cognizant-DN5-main\DN5-Upskilling\React\StarterApp\node_modules\@rolldown\binding-darwin-arm64
377 silly reify mark deleted [
377 silly reify   'C:\\Users\\hp\\Documents\\study\\upskill\\Cognizant-DN5-main\\DN5-Upskilling\\React\\StarterApp\\node_modules\\@rolldown\\binding-darwin-arm64'
377 silly reify ]
378 verbose reify failed optional dependency C:\Users\hp\Documents\study\upskill\Cognizant-DN5-main\DN5-Upskilling\React\StarterApp\node_modules\@rolldown\binding-android-arm64
379 silly reify mark deleted [
379 silly reify   'C:\\Users\\hp\\Documents\\study\\upskill\\Cognizant-DN5-main\\DN5-Upskilling\\React\\StarterApp\\node_modules\\@rolldown\\binding-android-arm64'
379 silly reify ]
380 verbose reify failed optional dependency C:\Users\hp\Documents\study\upskill\Cognizant-DN5-main\DN5-Upskilling\React\StarterApp\node_modules\lightningcss-win32-arm64-msvc
381 silly reify mark deleted [
381 silly reify   'C:\\Users\\hp\\Documents\\study\\upskill\\Cognizant-DN5-main\\DN5-Upskilling\\React\\StarterApp\\node_modules\\lightningcss-win32-arm64-msvc'
381 silly reify ]
382 verbose reify failed optional dependency C:\Users\hp\Documents\study\upskill\Cognizant-DN5-main\DN5-Upskilling\React\StarterApp\node_modules\lightningcss-linux-x64-musl
383 silly reify mark deleted [
383 silly reify   'C:\\Users\\hp\\Documents\\study\\upskill\\Cognizant-DN5-main\\DN5-Upskilling\\React\\StarterApp\\node_modules\\lightningcss-linux-x64-musl'
383 silly reify ]
384 verbose reify failed optional dependency C:\Users\hp\Documents\study\upskill\Cognizant-DN5-main\DN5-Upskilling\React\StarterApp\node_modules\lightningcss-linux-x64-gnu
385 silly reify mark deleted [
385 silly reify   'C:\\Users\\hp\\Documents\\study\\upskill\\Cognizant-DN5-main\\DN5-Upskilling\\React\\StarterApp\\node_modules\\lightningcss-linux-x64-gnu'
385 silly reify ]
386 verbose reify failed optional dependency C:\Users\hp\Documents\study\upskill\Cognizant-DN5-main\DN5-Upskilling\React\StarterApp\node_modules\lightningcss-linux-arm64-musl
387 silly reify mark deleted [
387 silly reify   'C:\\Users\\hp\\Documents\\study\\upskill\\Cognizant-DN5-main\\DN5-Upskilling\\React\\StarterApp\\node_modules\\lightningcss-linux-arm64-musl'
387 silly reify ]
388 verbose reify failed optional dependency C:\Users\hp\Documents\study\upskill\Cognizant-DN5-main\DN5-Upskilling\React\StarterApp\node_modules\lightningcss-linux-arm64-gnu
389 silly reify mark deleted [
389 silly reify   'C:\\Users\\hp\\Documents\\study\\upskill\\Cognizant-DN5-main\\DN5-Upskilling\\React\\StarterApp\\node_modules\\lightningcss-linux-arm64-gnu'
389 silly reify ]
390 verbose reify failed optional dependency C:\Users\hp\Documents\study\upskill\Cognizant-DN5-main\DN5-Upskilling\React\StarterApp\node_modules\lightningcss-linux-arm-gnueabihf
391 silly reify mark deleted [
391 silly reify   'C:\\Users\\hp\\Documents\\study\\upskill\\Cognizant-DN5-main\\DN5-Upskilling\\React\\StarterApp\\node_modules\\lightningcss-linux-arm-gnueabihf'
391 silly reify ]
392 verbose reify failed optional dependency C:\Users\hp\Documents\study\upskill\Cognizant-DN5-main\DN5-Upskilling\React\StarterApp\node_modules\lightningcss-freebsd-x64
393 silly reify mark deleted [
393 silly reify   'C:\\Users\\hp\\Documents\\study\\upskill\\Cognizant-DN5-main\\DN5-Upskilling\\React\\StarterApp\\node_modules\\lightningcss-freebsd-x64'
393 silly reify ]
394 verbose reify failed optional dependency C:\Users\hp\Documents\study\upskill\Cognizant-DN5-main\DN5-Upskilling\React\StarterApp\node_modules\lightningcss-darwin-x64
395 silly reify mark deleted [
395 silly reify   'C:\\Users\\hp\\Documents\\study\\upskill\\Cognizant-DN5-main\\DN5-Upskilling\\React\\StarterApp\\node_modules\\lightningcss-darwin-x64'
395 silly reify ]
396 verbose reify failed optional dependency C:\Users\hp\Documents\study\upskill\Cognizant-DN5-main\DN5-Upskilling\React\StarterApp\node_modules\lightningcss-darwin-arm64
397 silly reify mark deleted [
397 silly reify   'C:\\Users\\hp\\Documents\\study\\upskill\\Cognizant-DN5-main\\DN5-Upskilling\\React\\StarterApp\\node_modules\\lightningcss-darwin-arm64'
397 silly reify ]
398 verbose reify failed optional dependency C:\Users\hp\Documents\study\upskill\Cognizant-DN5-main\DN5-Upskilling\React\StarterApp\node_modules\lightningcss-android-arm64
399 silly reify mark deleted [
399 silly reify   'C:\\Users\\hp\\Documents\\study\\upskill\\Cognizant-DN5-main\\DN5-Upskilling\\React\\StarterApp\\node_modules\\lightningcss-android-arm64'
399 silly reify ]
400 verbose reify failed optional dependency C:\Users\hp\Documents\study\upskill\Cognizant-DN5-main\DN5-Upskilling\React\StarterApp\node_modules\fsevents
401 silly reify mark deleted [
401 silly reify   'C:\\Users\\hp\\Documents\\study\\upskill\\Cognizant-DN5-main\\DN5-Upskilling\\React\\StarterApp\\node_modules\\fsevents'
401 silly reify ]
402 http cache @emnapi/wasi-threads@https://registry.npmjs.org/@emnapi/wasi-threads/-/wasi-threads-1.2.1.tgz 0ms (cache hit)
403 http cache tslib@https://registry.npmjs.org/tslib/-/tslib-2.8.1.tgz 0ms (cache hit)
404 http cache @tybys/wasm-util@https://registry.npmjs.org/@tybys/wasm-util/-/wasm-util-0.10.2.tgz 0ms (cache hit)
405 http cache @napi-rs/wasm-runtime@https://registry.npmjs.org/@napi-rs/wasm-runtime/-/wasm-runtime-1.1.5.tgz 0ms (cache hit)
406 http cache @emnapi/runtime@https://registry.npmjs.org/@emnapi/runtime/-/runtime-1.10.0.tgz 0ms (cache hit)
407 http cache @rolldown/binding-win32-x64-msvc@https://registry.npmjs.org/@rolldown/binding-win32-x64-msvc/-/binding-win32-x64-msvc-1.0.3.tgz 0ms (cache hit)
408 http cache @emnapi/core@https://registry.npmjs.org/@emnapi/core/-/core-1.10.0.tgz 0ms (cache hit)
409 http cache @oxc-project/types@https://registry.npmjs.org/@oxc-project/types/-/types-0.133.0.tgz 0ms (cache hit)
410 http cache lightningcss-win32-x64-msvc@https://registry.npmjs.org/lightningcss-win32-x64-msvc/-/lightningcss-win32-x64-msvc-1.32.0.tgz 0ms (cache hit)
411 http cache detect-libc@https://registry.npmjs.org/detect-libc/-/detect-libc-2.1.2.tgz 1ms (cache hit)
412 http cache lightningcss@https://registry.npmjs.org/lightningcss/-/lightningcss-1.32.0.tgz 0ms (cache hit)
413 http cache rolldown@https://registry.npmjs.org/rolldown/-/rolldown-1.0.3.tgz 0ms (cache hit)
414 http cache @vitejs/plugin-react@https://registry.npmjs.org/@vitejs/plugin-react/-/plugin-react-6.0.2.tgz 0ms (cache hit)
415 http cache vite@https://registry.npmjs.org/vite/-/vite-8.0.16.tgz 0ms (cache hit)
416 silly tarball no local data for @emnapi/wasi-threads@https://registry.npmjs.org/@emnapi/wasi-threads/-/wasi-threads-1.2.1.tgz. Extracting by manifest.
417 silly tarball no local data for tslib@https://registry.npmjs.org/tslib/-/tslib-2.8.1.tgz. Extracting by manifest.
418 silly tarball no local data for @tybys/wasm-util@https://registry.npmjs.org/@tybys/wasm-util/-/wasm-util-0.10.2.tgz. Extracting by manifest.
419 silly tarball no local data for @napi-rs/wasm-runtime@https://registry.npmjs.org/@napi-rs/wasm-runtime/-/wasm-runtime-1.1.5.tgz. Extracting by manifest.
420 silly tarball no local data for @emnapi/runtime@https://registry.npmjs.org/@emnapi/runtime/-/runtime-1.10.0.tgz. Extracting by manifest.
421 silly tarball no local data for @rolldown/binding-win32-x64-msvc@https://registry.npmjs.org/@rolldown/binding-win32-x64-msvc/-/binding-win32-x64-msvc-1.0.3.tgz. Extracting by manifest.
422 silly tarball no local data for @emnapi/core@https://registry.npmjs.org/@emnapi/core/-/core-1.10.0.tgz. Extracting by manifest.
423 http cache @rolldown/pluginutils@https://registry.npmjs.org/@rolldown/pluginutils/-/pluginutils-1.0.1.tgz 0ms (cache hit)
424 silly tarball no local data for @oxc-project/types@https://registry.npmjs.org/@oxc-project/types/-/types-0.133.0.tgz. Extracting by manifest.
425 silly tarball no local data for lightningcss-win32-x64-msvc@https://registry.npmjs.org/lightningcss-win32-x64-msvc/-/lightningcss-win32-x64-msvc-1.32.0.tgz. Extracting by manifest.
426 silly tarball no local data for detect-libc@https://registry.npmjs.org/detect-libc/-/detect-libc-2.1.2.tgz. Extracting by manifest.
427 silly tarball no local data for lightningcss@https://registry.npmjs.org/lightningcss/-/lightningcss-1.32.0.tgz. Extracting by manifest.
428 silly tarball no local data for rolldown@https://registry.npmjs.org/rolldown/-/rolldown-1.0.3.tgz. Extracting by manifest.
429 silly tarball no local data for @vitejs/plugin-react@https://registry.npmjs.org/@vitejs/plugin-react/-/plugin-react-6.0.2.tgz. Extracting by manifest.
430 silly tarball no local data for vite@https://registry.npmjs.org/vite/-/vite-8.0.16.tgz. Extracting by manifest.
431 silly tarball no local data for @rolldown/pluginutils@https://registry.npmjs.org/@rolldown/pluginutils/-/pluginutils-1.0.1.tgz. Extracting by manifest.
432 http fetch GET 200 https://registry.npmjs.org/@oxc-project/types/-/types-0.133.0.tgz 252ms (cache miss)
433 http fetch GET 200 https://registry.npmjs.org/detect-libc/-/detect-libc-2.1.2.tgz 263ms (cache miss)
434 http fetch POST 200 https://registry.npmjs.org/-/npm/v1/security/advisories/bulk 332ms
435 silly audit report {}
436 http fetch GET 200 https://registry.npmjs.org/@rolldown/pluginutils/-/pluginutils-1.0.1.tgz 284ms (cache miss)
437 http fetch GET 200 https://registry.npmjs.org/tslib/-/tslib-2.8.1.tgz 494ms (cache miss)
438 http fetch GET 200 https://registry.npmjs.org/@emnapi/wasi-threads/-/wasi-threads-1.2.1.tgz 516ms (cache miss)
439 http fetch GET 200 https://registry.npmjs.org/@emnapi/runtime/-/runtime-1.10.0.tgz 571ms (cache miss)
440 http fetch GET 200 https://registry.npmjs.org/@vitejs/plugin-react/-/plugin-react-6.0.2.tgz 567ms (cache miss)
441 http fetch GET 200 https://registry.npmjs.org/lightningcss/-/lightningcss-1.32.0.tgz 655ms (cache miss)
442 http fetch GET 200 https://registry.npmjs.org/@emnapi/core/-/core-1.10.0.tgz 732ms (cache miss)
443 http fetch GET 200 https://registry.npmjs.org/@tybys/wasm-util/-/wasm-util-0.10.2.tgz 843ms (cache miss)
444 http fetch GET 200 https://registry.npmjs.org/@napi-rs/wasm-runtime/-/wasm-runtime-1.1.5.tgz 947ms (cache miss)
445 http fetch GET 200 https://registry.npmjs.org/vite/-/vite-8.0.16.tgz 974ms (cache miss)
446 http fetch GET 200 https://registry.npmjs.org/rolldown/-/rolldown-1.0.3.tgz 984ms (cache miss)
447 http fetch GET 200 https://registry.npmjs.org/lightningcss-win32-x64-msvc/-/lightningcss-win32-x64-msvc-1.32.0.tgz 1126ms (cache miss)
448 http fetch GET 200 https://registry.npmjs.org/@rolldown/binding-win32-x64-msvc/-/binding-win32-x64-msvc-1.0.3.tgz 1787ms (cache miss)
449 silly ADD
450 silly ADD
451 silly ADD
452 silly ADD
453 silly ADD
454 silly ADD
455 silly ADD node_modules/@rolldown/binding-win32-x64-msvc
456 silly ADD
457 silly ADD
458 silly ADD
459 silly ADD
460 silly ADD
461 silly ADD
462 silly ADD
463 silly ADD
464 silly ADD
465 silly ADD
466 silly ADD
467 silly ADD
468 silly ADD
469 silly ADD
470 silly ADD node_modules/@oxc-project/types
471 silly ADD node_modules/lightningcss-win32-x64-msvc
472 silly ADD
473 silly ADD
474 silly ADD
475 silly ADD
476 silly ADD
477 silly ADD
478 silly ADD
479 silly ADD
480 silly ADD
481 silly ADD
482 silly ADD node_modules/detect-libc
483 silly ADD node_modules/rolldown
484 silly ADD node_modules/lightningcss
485 silly ADD
486 silly CHANGE node_modules/vite
487 silly REMOVE node_modules/rollup
488 silly REMOVE node_modules/react-refresh
489 silly REMOVE node_modules/esbuild
490 silly CHANGE node_modules/@vitejs/plugin-react
491 silly REMOVE node_modules/@types/babel__traverse
492 silly REMOVE node_modules/@types/babel__template
493 silly REMOVE node_modules/@types/babel__generator
494 silly REMOVE node_modules/@types/babel__core
495 silly REMOVE node_modules/@rollup/rollup-win32-x64-msvc
496 silly REMOVE node_modules/@rollup/rollup-win32-x64-gnu
497 silly CHANGE node_modules/@rolldown/pluginutils
498 silly REMOVE node_modules/@esbuild/win32-x64
499 silly REMOVE node_modules/@babel/plugin-transform-react-jsx-source
500 silly REMOVE node_modules/@babel/plugin-transform-react-jsx-self
501 silly REMOVE node_modules/@babel/helper-plugin-utils
502 verbose cwd C:\Users\hp\Documents\study\upskill\Cognizant-DN5-main\DN5-Upskilling\React\StarterApp
503 verbose os Windows_NT 10.0.26200
504 verbose node v22.20.0
505 verbose npm  v10.9.3
506 verbose exit 0
507 info ok
