0 verbose cli C:\Program Files\nodejs\node.exe C:\Program Files\nodejs\node_modules\npm\bin\npm-cli.js
1 info using npm@10.9.3
2 info using node@v22.20.0
3 silly config load:file:C:\Program Files\nodejs\node_modules\npm\npmrc
4 silly config load:file:C:\Users\hp\Documents\study\upskill\Cognizant-DN5-main\DN5-Upskilling\React\StarterApp\.npmrc
5 silly config load:file:C:\Users\hp\.npmrc
6 silly config load:file:C:\Users\hp\AppData\Roaming\npm\etc\npmrc
7 verbose title npm audit
8 verbose argv "audit" "--cache" ".\\.npm-cache" "--audit-level" "low"
9 verbose logfile logs-max:10 dir:C:\Users\hp\Documents\study\upskill\Cognizant-DN5-main\DN5-Upskilling\React\StarterApp\.npm-cache\_logs\2026-06-19T13_34_58_726Z-
10 verbose logfile C:\Users\hp\Documents\study\upskill\Cognizant-DN5-main\DN5-Upskilling\React\StarterApp\.npm-cache\_logs\2026-06-19T13_34_58_726Z-debug-0.log
11 silly logfile start cleaning logs, removing 1 files
12 silly packumentCache heap:4345298944 maxSize:1086324736 maxEntrySize:543162368
13 silly logfile done cleaning log files
14 silly audit bulk request {
14 silly audit   '@babel/code-frame': [ '7.29.7' ],
14 silly audit   '@babel/compat-data': [ '7.29.7' ],
14 silly audit   '@babel/core': [ '7.29.7' ],
14 silly audit   '@babel/generator': [ '7.29.7' ],
14 silly audit   '@babel/helper-compilation-targets': [ '7.29.7' ],
14 silly audit   '@babel/helper-globals': [ '7.29.7' ],
14 silly audit   '@babel/helper-module-imports': [ '7.29.7' ],
14 silly audit   '@babel/helper-module-transforms': [ '7.29.7' ],
14 silly audit   '@babel/helper-string-parser': [ '7.29.7' ],
14 silly audit   '@babel/helper-validator-identifier': [ '7.29.7' ],
14 silly audit   '@babel/helper-validator-option': [ '7.29.7' ],
14 silly audit   '@babel/helpers': [ '7.29.7' ],
14 silly audit   '@babel/parser': [ '7.29.7' ],
14 silly audit   '@babel/template': [ '7.29.7' ],
14 silly audit   '@babel/traverse': [ '7.29.7' ],
14 silly audit   '@babel/types': [ '7.29.7' ],
14 silly audit   '@emnapi/core': [ '1.10.0' ],
14 silly audit   '@emnapi/runtime': [ '1.10.0' ],
14 silly audit   '@emnapi/wasi-threads': [ '1.2.1' ],
14 silly audit   '@eslint-community/eslint-utils': [ '4.9.1' ],
14 silly audit   'eslint-visitor-keys': [ '3.4.3', '4.2.1' ],
14 silly audit   '@eslint-community/regexpp': [ '4.12.2' ],
14 silly audit   '@eslint/config-array': [ '0.21.2' ],
14 silly audit   '@eslint/config-helpers': [ '0.4.2' ],
14 silly audit   '@eslint/core': [ '0.17.0' ],
14 silly audit   '@eslint/eslintrc': [ '3.3.5' ],
14 silly audit   globals: [ '14.0.0', '16.5.0' ],
14 silly audit   '@eslint/js': [ '9.39.4' ],
14 silly audit   '@eslint/object-schema': [ '2.1.7' ],
14 silly audit   '@eslint/plugin-kit': [ '0.4.1' ],
14 silly audit   '@humanfs/core': [ '0.19.2' ],
14 silly audit   '@humanfs/node': [ '0.16.8' ],
14 silly audit   '@humanfs/types': [ '0.15.0' ],
14 silly audit   '@humanwhocodes/module-importer': [ '1.0.1' ],
14 silly audit   '@humanwhocodes/retry': [ '0.4.3' ],
14 silly audit   '@jridgewell/gen-mapping': [ '0.3.13' ],
14 silly audit   '@jridgewell/remapping': [ '2.3.5' ],
14 silly audit   '@jridgewell/resolve-uri': [ '3.1.2' ],
14 silly audit   '@jridgewell/sourcemap-codec': [ '1.5.5' ],
14 silly audit   '@jridgewell/trace-mapping': [ '0.3.31' ],
14 silly audit   '@napi-rs/wasm-runtime': [ '1.1.5' ],
14 silly audit   '@oxc-project/types': [ '0.133.0' ],
14 silly audit   '@rolldown/binding-android-arm64': [ '1.0.3' ],
14 silly audit   '@rolldown/binding-darwin-arm64': [ '1.0.3' ],
14 silly audit   '@rolldown/binding-darwin-x64': [ '1.0.3' ],
14 silly audit   '@rolldown/binding-freebsd-x64': [ '1.0.3' ],
14 silly audit   '@rolldown/binding-linux-arm-gnueabihf': [ '1.0.3' ],
14 silly audit   '@rolldown/binding-linux-arm64-gnu': [ '1.0.3' ],
14 silly audit   '@rolldown/binding-linux-arm64-musl': [ '1.0.3' ],
14 silly audit   '@rolldown/binding-linux-ppc64-gnu': [ '1.0.3' ],
14 silly audit   '@rolldown/binding-linux-s390x-gnu': [ '1.0.3' ],
14 silly audit   '@rolldown/binding-linux-x64-gnu': [ '1.0.3' ],
14 silly audit   '@rolldown/binding-linux-x64-musl': [ '1.0.3' ],
14 silly audit   '@rolldown/binding-openharmony-arm64': [ '1.0.3' ],
14 silly audit   '@rolldown/binding-wasm32-wasi': [ '1.0.3' ],
14 silly audit   '@rolldown/binding-win32-arm64-msvc': [ '1.0.3' ],
14 silly audit   '@rolldown/binding-win32-x64-msvc': [ '1.0.3' ],
14 silly audit   '@rolldown/pluginutils': [ '1.0.1' ],
14 silly audit   '@tybys/wasm-util': [ '0.10.2' ],
14 silly audit   '@types/estree': [ '1.0.9' ],
14 silly audit   '@types/json-schema': [ '7.0.15' ],
14 silly audit   '@vitejs/plugin-react': [ '6.0.2' ],
14 silly audit   acorn: [ '8.17.0' ],
14 silly audit   'acorn-jsx': [ '5.3.2' ],
14 silly audit   ajv: [ '6.15.0' ],
14 silly audit   'ansi-styles': [ '4.3.0' ],
14 silly audit   argparse: [ '2.0.1' ],
14 silly audit   'balanced-match': [ '1.0.2' ],
14 silly audit   'baseline-browser-mapping': [ '2.10.38' ],
14 silly audit   'brace-expansion': [ '1.1.15' ],
14 silly audit   browserslist: [ '4.28.2' ],
14 silly audit   callsites: [ '3.1.0' ],
14 silly audit   'caniuse-lite': [ '1.0.30001799' ],
14 silly audit   chalk: [ '4.1.2' ],
14 silly audit   'color-convert': [ '2.0.1' ],
14 silly audit   'color-name': [ '1.1.4' ],
14 silly audit   'concat-map': [ '0.0.1' ],
14 silly audit   'convert-source-map': [ '2.0.0' ],
14 silly audit   'cross-spawn': [ '7.0.6' ],
14 silly audit   debug: [ '4.4.3' ],
14 silly audit   'deep-is': [ '0.1.4' ],
14 silly audit   'detect-libc': [ '2.1.2' ],
14 silly audit   'electron-to-chromium': [ '1.5.376' ],
14 silly audit   escalade: [ '3.2.0' ],
14 silly audit   'escape-string-regexp': [ '4.0.0' ],
14 silly audit   eslint: [ '9.39.4' ],
14 silly audit   'eslint-plugin-react-hooks': [ '7.1.1' ],
14 silly audit   'eslint-plugin-react-refresh': [ '0.4.26' ],
14 silly audit   'eslint-scope': [ '8.4.0' ],
14 silly audit   espree: [ '10.4.0' ],
14 silly audit   esquery: [ '1.7.0' ],
14 silly audit   esrecurse: [ '4.3.0' ],
14 silly audit   estraverse: [ '5.3.0' ],
14 silly audit   esutils: [ '2.0.3' ],
14 silly audit   'fast-deep-equal': [ '3.1.3' ],
14 silly audit   'fast-json-stable-stringify': [ '2.1.0' ],
14 silly audit   'fast-levenshtein': [ '2.0.6' ],
14 silly audit   fdir: [ '6.5.0' ],
14 silly audit   'file-entry-cache': [ '8.0.0' ],
14 silly audit   'find-up': [ '5.0.0' ],
14 silly audit   'flat-cache': [ '4.0.1' ],
14 silly audit   flatted: [ '3.4.2' ],
14 silly audit   fsevents: [ '2.3.3' ],
14 silly audit   gensync: [ '1.0.0-beta.2' ],
14 silly audit   'glob-parent': [ '6.0.2' ],
14 silly audit   'has-flag': [ '4.0.0' ],
14 silly audit   'hermes-estree': [ '0.25.1' ],
14 silly audit   'hermes-parser': [ '0.25.1' ],
14 silly audit   ignore: [ '5.3.2' ],
14 silly audit   'import-fresh': [ '3.3.1' ],
14 silly audit   imurmurhash: [ '0.1.4' ],
14 silly audit   'is-extglob': [ '2.1.1' ],
14 silly audit   'is-glob': [ '4.0.3' ],
14 silly audit   isexe: [ '2.0.0' ],
14 silly audit   'js-tokens': [ '4.0.0' ],
14 silly audit   'js-yaml': [ '4.2.0' ],
14 silly audit   jsesc: [ '3.1.0' ],
14 silly audit   'json-buffer': [ '3.0.1' ],
14 silly audit   'json-schema-traverse': [ '0.4.1' ],
14 silly audit   'json-stable-stringify-without-jsonify': [ '1.0.1' ],
14 silly audit   json5: [ '2.2.3' ],
14 silly audit   keyv: [ '4.5.4' ],
14 silly audit   levn: [ '0.4.1' ],
14 silly audit   lightningcss: [ '1.32.0' ],
14 silly audit   'lightningcss-android-arm64': [ '1.32.0' ],
14 silly audit   'lightningcss-darwin-arm64': [ '1.32.0' ],
14 silly audit   'lightningcss-darwin-x64': [ '1.32.0' ],
14 silly audit   'lightningcss-freebsd-x64': [ '1.32.0' ],
14 silly audit   'lightningcss-linux-arm-gnueabihf': [ '1.32.0' ],
14 silly audit   'lightningcss-linux-arm64-gnu': [ '1.32.0' ],
14 silly audit   'lightningcss-linux-arm64-musl': [ '1.32.0' ],
14 silly audit   'lightningcss-linux-x64-gnu': [ '1.32.0' ],
14 silly audit   'lightningcss-linux-x64-musl': [ '1.32.0' ],
14 silly audit   'lightningcss-win32-arm64-msvc': [ '1.32.0' ],
14 silly audit   'lightningcss-win32-x64-msvc': [ '1.32.0' ],
14 silly audit   'locate-path': [ '6.0.0' ],
14 silly audit   'lodash.merge': [ '4.6.2' ],
14 silly audit   'lru-cache': [ '5.1.1' ],
14 silly audit   minimatch: [ '3.1.5' ],
14 silly audit   ms: [ '2.1.3' ],
14 silly audit   nanoid: [ '3.3.13' ],
14 silly audit   'natural-compare': [ '1.4.0' ],
14 silly audit   'node-releases': [ '2.0.48' ],
14 silly audit   optionator: [ '0.9.4' ],
14 silly audit   'p-limit': [ '3.1.0' ],
14 silly audit   'p-locate': [ '5.0.0' ],
14 silly audit   'parent-module': [ '1.0.1' ],
14 silly audit   'path-exists': [ '4.0.0' ],
14 silly audit   'path-key': [ '3.1.1' ],
14 silly audit   picocolors: [ '1.1.1' ],
14 silly audit   picomatch: [ '4.0.4' ],
14 silly audit   postcss: [ '8.5.15' ],
14 silly audit   'prelude-ls': [ '1.2.1' ],
14 silly audit   punycode: [ '2.3.1' ],
14 silly audit   react: [ '19.2.7' ],
14 silly audit   'react-dom': [ '19.2.7' ],
14 silly audit   'resolve-from': [ '4.0.0' ],
14 silly audit   rolldown: [ '1.0.3' ],
14 silly audit   scheduler: [ '0.27.0' ],
14 silly audit   semver: [ '6.3.1' ],
14 silly audit   'shebang-command': [ '2.0.0' ],
14 silly audit   'shebang-regex': [ '3.0.0' ],
14 silly audit   'source-map-js': [ '1.2.1' ],
14 silly audit   'strip-json-comments': [ '3.1.1' ],
14 silly audit   'supports-color': [ '7.2.0' ],
14 silly audit   tinyglobby: [ '0.2.17' ],
14 silly audit   tslib: [ '2.8.1' ],
14 silly audit   'type-check': [ '0.4.0' ],
14 silly audit   'update-browserslist-db': [ '1.2.3' ],
14 silly audit   'uri-js': [ '4.4.1' ],
14 silly audit   vite: [ '8.0.16' ],
14 silly audit   which: [ '2.0.2' ],
14 silly audit   'word-wrap': [ '1.2.5' ],
14 silly audit   yallist: [ '3.1.1' ],
14 silly audit   'yocto-queue': [ '0.1.0' ],
14 silly audit   zod: [ '4.4.3' ],
14 silly audit   'zod-validation-error': [ '4.0.2' ]
14 silly audit }
15 http fetch POST 200 https://registry.npmjs.org/-/npm/v1/security/advisories/bulk 390ms
16 silly audit report {}
17 verbose cwd C:\Users\hp\Documents\study\upskill\Cognizant-DN5-main\DN5-Upskilling\React\StarterApp
18 verbose os Windows_NT 10.0.26200
19 verbose node v22.20.0
20 verbose npm  v10.9.3
21 verbose exit 0
22 info ok
